2025-03-24 14:31:42,549 - INFO - Database connections established successfully
2025-03-24 14:31:42,660 - INFO - Found 249 tables in MSSQL database
2025-03-24 14:31:42,660 - INFO - Starting migration of 1 tables
2025-03-24 14:31:42,721 - INFO - Total rows to migrate: 328
2025-03-24 14:31:42,811 - INFO - Extracted branch code: AHMD from database: WAPR24AHMDUAT
2025-03-24 14:31:43,464 - INFO - Found branch information: ID=1, Code=AHMD
2025-03-24 14:31:43,519 - INFO - Table curropn has 328 rows to migrate
2025-03-24 14:31:43,519 - INFO - [1/1] Creating table structure for curropn
2025-03-24 14:31:43,726 - INFO - Found constraints for table curropn:
2025-03-24 14:31:43,755 - INFO - Adding branch columns to table curropn
2025-03-24 14:31:43,758 - WARNING - Unknown type varchar(10) - defaulting to TEXT
2025-03-24 14:31:43,758 - INFO - Table creation SQL:
CREATE TABLE public."curropn" (
    "counter" VARCHAR(5) NULL,
    "cncode" VARCHAR(5) NULL,
    "exchtype" VARCHAR(2) NULL,
    "isscode" VARCHAR(30) NULL,
    "date" TIMESTAMP NULL,
    "series" VARCHAR(30) NULL,
    "series_" BOOLEAN NULL,
    "transit" BOOLEAN NULL,
    "FESETTLED" DECIMAL(18,2) NULL,
    "IBRRATE" DECIMAL(18,5) NULL,
    "feamount" DECIMAL(28,5) NULL,
    "amount" DECIMAL(28,2) NULL,
    "no_from" VARCHAR(25) NULL,
    "no_to" VARCHAR(25) NULL,
    "denominat" DECIMAL(28,5) NULL,
    "brate" DECIMAL(28,5) NULL,
    "nBranchID" INTEGER NULL,
    "vBranchCode" TEXT NULL
);
2025-03-24 14:31:43,759 - INFO - Dropping existing table curropn
2025-03-24 14:31:43,759 - INFO - Creating table curropn
2025-03-24 14:31:43,875 - INFO - Starting data migration for table curropn
2025-03-24 14:31:44,088 - INFO - Completed migration of table curropn (328 rows in 1 seconds, 240.1 rows/second)
2025-03-24 14:31:44,088 - INFO - 
Migration completed successfully!
Total tables: 1
Total rows: 328
Total time: 2 seconds
Average speed: 151.6 rows/second
