2025-02-18 18:52:37,732 - INFO - Database connections established successfully
2025-02-18 18:52:37,868 - INFO - Found 249 tables in MSSQL database
2025-02-18 18:52:37,869 - INFO - Starting migration of 1 tables
2025-02-18 18:52:37,942 - INFO - Total rows to migrate: 11,164
2025-02-18 18:52:38,092 - INFO - Extracted branch code: AHMD from database: WAPR24AHMDUAT
2025-02-18 18:52:38,873 - INFO - Found branch information: ID=1, Code=AHMD
2025-02-18 18:52:38,944 - INFO - Table TaxT has 11,164 rows to migrate
2025-02-18 18:52:38,945 - INFO - [1/1] Creating table structure for TaxT
2025-02-18 18:52:39,251 - INFO - Found constraints for table TaxT:
2025-02-18 18:52:39,287 - INFO - Adding branch columns to table TaxT
2025-02-18 18:52:39,300 - WARNING - Unknown type varchar(10) - defaulting to TEXT
2025-02-18 18:52:39,300 - INFO - Table creation SQL:
CREATE TABLE public."TaxT" (
    "UniqID" INTEGER NULL,
    "vTrnwith" VARCHAR(1) NULL,
    "vTrntype" VARCHAR(1) NULL,
    "vNo" VARCHAR(10) NULL,
    "sAdded" VARCHAR(1) NULL,
    "sTaxCode" VARCHAR(15) NULL,
    "sApplyAs" VARCHAR(1) NULL,
    "nTaxValue" DECIMAL(18,2) NULL,
    "nTaxAmt" DECIMAL(18,2) NULL,
    "sACCode" VARCHAR(20) NULL,
    "STAXID" DECIMAL(18,0) NULL,
    "SACCID" DECIMAL(18,0) NULL,
    "nBranchID" INTEGER NULL,
    "vBranchCode" TEXT NULL
);
2025-02-18 18:52:39,301 - INFO - Dropping existing table TaxT
2025-02-18 18:52:39,301 - INFO - Creating table TaxT
2025-02-18 18:52:41,148 - INFO - Starting data migration for table TaxT
2025-02-18 18:52:41,811 - INFO - Progress: 44.8% (5,000/11,164 rows) | Table 1/1 | Elapsed: 4 seconds | Remaining: 5 seconds
2025-02-18 18:52:42,344 - INFO - Progress: 89.6% (10,000/11,164 rows) | Table 1/1 | Elapsed: 4 seconds | Remaining: 1 seconds
2025-02-18 18:52:42,550 - INFO - Completed migration of table TaxT (11,164 rows in 5 seconds, 2422.6 rows/second)
2025-02-18 18:52:42,550 - INFO - 
Migration completed successfully!
Total tables: 1
Total rows: 11,164
Total time: 7 seconds
Average speed: 1612.7 rows/second
