2025-02-18 18:53:41,673 - INFO - Database connections established successfully
2025-02-18 18:53:41,787 - INFO - Found 249 tables in MSSQL database
2025-02-18 18:53:41,787 - INFO - Starting migration of 1 tables
2025-02-18 18:53:41,853 - INFO - Total rows to migrate: 2,601
2025-02-18 18:53:41,955 - INFO - Found identity column: Id
2025-02-18 18:53:41,955 - INFO - Column details: type=int, is_primary=True, nullable=False
2025-02-18 18:53:41,987 - INFO - Extracted branch code: AHMD from database: WAPR24AHMDUAT
2025-02-18 18:53:42,710 - INFO - Found branch information: ID=1, Code=AHMD
2025-02-18 18:53:42,773 - INFO - Table FXTRANSOTHERCHARG has 2,601 rows to migrate
2025-02-18 18:53:42,773 - INFO - [1/1] Creating table structure for FXTRANSOTHERCHARG
2025-02-18 18:53:42,833 - INFO - Found identity column: Id
2025-02-18 18:53:42,837 - INFO - Column details: type=int, is_primary=True, nullable=False
2025-02-18 18:53:43,061 - INFO - Found constraints for table FXTRANSOTHERCHARG:
2025-02-18 18:53:43,061 - INFO - Primary Key: PK_FXTRANSOTHERCHARG on Id
2025-02-18 18:53:43,092 - INFO - Adding branch columns to table FXTRANSOTHERCHARG
2025-02-18 18:53:43,092 - INFO - Found identity column: Id
2025-02-18 18:53:43,092 - INFO - Column details: type=int, is_primary=True, nullable=False
2025-02-18 18:53:43,092 - INFO - Mapping identity column type: int
2025-02-18 18:53:43,092 - INFO - Column info: {'name': 'Id', 'type': 'int', 'length': 4, 'precision': 10, 'scale': 0, 'nullable': False, 'is_identity': True, 'is_primary_key': True, 'default': None}
2025-02-18 18:53:43,093 - WARNING - Unknown type varchar(10) - defaulting to TEXT
2025-02-18 18:53:43,093 - INFO - Table creation SQL:
CREATE TABLE public."FXTRANSOTHERCHARG" (
    "Id" INTEGER PRIMARY KEY,
    "vNo" VARCHAR(50) NULL,
    "vTrntype" VARCHAR(500) NULL,
    "dSrno" INTEGER NULL,
    "vAccCodeCgst" VARCHAR(500) NULL,
    "dCgstAmount" DECIMAL(18,2) NULL,
    "vAccCodeSgst" VARCHAR(500) NULL,
    "dSgstAmount" DECIMAL(18,2) NULL,
    "vAccCodeIgst" VARCHAR(500) NULL,
    "dIgstAmount" DECIMAL(18,2) NULL,
    "nBranchID" INTEGER NULL,
    "vBranchCode" TEXT NULL
);
2025-02-18 18:53:43,094 - INFO - Dropping existing table FXTRANSOTHERCHARG
2025-02-18 18:53:43,095 - INFO - Creating table FXTRANSOTHERCHARG
2025-02-18 18:53:44,608 - INFO - Starting data migration for table FXTRANSOTHERCHARG
2025-02-18 18:53:44,977 - INFO - Setting up sequences for 1 identity columns
2025-02-18 18:53:45,185 - INFO - Created sequence public.FXTRANSOTHERCHARG_Id_seq starting from 3746
2025-02-18 18:53:45,185 - INFO - Completed migration of table FXTRANSOTHERCHARG (2,601 rows in 3 seconds, 780.8 rows/second)
2025-02-18 18:53:45,185 - INFO - 
Migration completed successfully!
Total tables: 1
Total rows: 2,601
Total time: 4 seconds
Average speed: 627.8 rows/second
