2025-01-17 17:48:58,996 - INFO - Database connections established successfully
2025-01-17 17:48:59,115 - INFO - Found 247 tables in MSSQL database
2025-01-17 17:48:59,116 - INFO - Starting migration of 1 tables
2025-01-17 17:48:59,171 - INFO - Total rows to migrate: 2,267
2025-01-17 17:48:59,334 - INFO - Found identity column: nRPID
2025-01-17 17:48:59,334 - INFO - Column details: type=int, is_primary=True, nullable=False
2025-01-17 17:48:59,361 - INFO - Extracted branch code: AHMD from database: WAPR24AHMDUAT
2025-01-17 17:49:00,212 - INFO - Found branch information: ID=1, Code=AHMD
2025-01-17 17:49:00,265 - INFO - Table RECPAY has 2,267 rows to migrate
2025-01-17 17:49:00,265 - INFO - [1/1] Creating table structure for RECPAY
2025-01-17 17:49:00,320 - INFO - Found identity column: nRPID
2025-01-17 17:49:00,320 - INFO - Column details: type=int, is_primary=True, nullable=False
2025-01-17 17:49:00,548 - INFO - Found constraints for table RECPAY:
2025-01-17 17:49:00,548 - INFO - Primary Key: PK_RECPAY on nRPID
2025-01-17 17:49:00,575 - INFO - Adding branch columns to table RECPAY
2025-01-17 17:49:00,576 - INFO - Found identity column: nRPID
2025-01-17 17:49:00,576 - INFO - Column details: type=int, is_primary=True, nullable=False
2025-01-17 17:49:00,576 - INFO - Mapping identity column type: int
2025-01-17 17:49:00,576 - INFO - Column info: {'name': 'nRPID', 'type': 'int', 'length': 4, 'precision': 10, 'scale': 0, 'nullable': False, 'is_identity': True, 'is_primary_key': True, 'default': None}
2025-01-17 17:49:00,576 - WARNING - Unknown type numeric - defaulting to TEXT
2025-01-17 17:49:00,577 - WARNING - Unknown type varchar(10) - defaulting to TEXT
2025-01-17 17:49:00,577 - INFO - Table creation SQL:
CREATE TABLE public."RECPAY" (
    "nRPID" INTEGER PRIMARY KEY,
    "vTrnwith" VARCHAR(1) NULL,
    "vTrntype" VARCHAR(1) NULL,
    "vNo" VARCHAR(10) NULL,
    "vRp" VARCHAR(1) NULL,
    "vCb" VARCHAR(5) NULL,
    "vCode" VARCHAR(50) NULL,
    "nAmount" TEXT NULL,
    "vChqno" VARCHAR(200) NULL,
    "dChqdt" TIMESTAMP NULL,
    "vDrawnon" VARCHAR(200) NULL,
    "vBranch" VARCHAR(200) NULL,
    "adate" TIMESTAMP NULL,
    "vPayinno" VARCHAR(6) NULL,
    "dBkdate" TIMESTAMP NULL,
    "bValue_hl" BOOLEAN NULL,
    "vRno" VARCHAR(18) NULL,
    "vSlcode" VARCHAR(18) NULL,
    "UNIQID" INTEGER NULL,
    "vCurr" VARCHAR(5) NULL,
    "nFeAmt" DECIMAL(18,5) NULL,
    "nFeRate" DECIMAL(18,5) NULL,
    "nFeratePer" DECIMAL(5,0) NULL,
    "vFeRateMethod" VARCHAR(1) NULL,
    "nCodeid" DECIMAL(18,0) NULL,
    "DisHon" VARCHAR(2) NULL,
    "DishonNo" VARCHAR(20) NULL,
    "nBranchID" INTEGER NULL,
    "vBranchCode" TEXT NULL
);
2025-01-17 17:49:00,578 - INFO - Dropping existing table RECPAY
2025-01-17 17:49:00,580 - INFO - Creating table RECPAY
2025-01-17 17:49:02,339 - INFO - Starting data migration for table RECPAY
2025-01-17 17:49:03,133 - INFO - Setting up sequences for 1 identity columns
2025-01-17 17:49:03,658 - INFO - Created sequence public.RECPAY_nRPID_seq starting from 5380
2025-01-17 17:49:03,661 - INFO - Completed migration of table RECPAY (2,267 rows in 4 seconds, 505.0 rows/second)
2025-01-17 17:49:03,661 - INFO - 
Migration completed successfully!
Total tables: 1
Total rows: 2,267
Total time: 7 seconds
Average speed: 326.1 rows/second
