2025-03-26 18:58:30,499 - INFO - Database connections established successfully
2025-03-26 18:58:30,606 - INFO - Found 249 tables in MSSQL database
2025-03-26 18:58:30,606 - INFO - Starting migration of 1 tables
2025-03-26 18:58:30,673 - INFO - Total rows to migrate: 47,530
2025-03-26 18:58:30,736 - INFO - Found identity column: nIntupdId
2025-03-26 18:58:30,736 - INFO - Column details: type=int, is_primary=True, nullable=False
2025-03-26 18:58:30,772 - INFO - Extracted branch code: AHMD from database: WAPR24AHMDUAT
2025-03-26 18:58:31,428 - INFO - Found branch information: ID=1, Code=AHMD
2025-03-26 18:58:31,494 - INFO - Table INTUPDTD has 47,530 rows to migrate
2025-03-26 18:58:31,499 - INFO - [1/1] Creating table structure for INTUPDTD
2025-03-26 18:58:31,566 - INFO - Found identity column: nIntupdId
2025-03-26 18:58:31,566 - INFO - Column details: type=int, is_primary=True, nullable=False
2025-03-26 18:58:31,732 - INFO - Found constraints for table INTUPDTD:
2025-03-26 18:58:31,732 - INFO - Primary Key: PK_INTUPDTD on nIntupdId
2025-03-26 18:58:31,766 - INFO - Adding branch columns to table INTUPDTD
2025-03-26 18:58:31,767 - WARNING - Unknown type numeric - defaulting to TEXT
2025-03-26 18:58:31,767 - WARNING - Unknown type numeric - defaulting to TEXT
2025-03-26 18:58:31,767 - WARNING - Unknown type numeric - defaulting to TEXT
2025-03-26 18:58:31,767 - WARNING - Unknown type numeric - defaulting to TEXT
2025-03-26 18:58:31,767 - WARNING - Unknown type numeric - defaulting to TEXT
2025-03-26 18:58:31,767 - WARNING - Unknown type numeric - defaulting to TEXT
2025-03-26 18:58:31,767 - INFO - Found identity column: nIntupdId
2025-03-26 18:58:31,767 - INFO - Column details: type=int, is_primary=True, nullable=False
2025-03-26 18:58:31,769 - INFO - Mapping identity column type: int
2025-03-26 18:58:31,769 - INFO - Column info: {'name': 'nIntupdId', 'type': 'int', 'length': 4, 'precision': 10, 'scale': 0, 'nullable': False, 'is_identity': True, 'is_primary_key': True, 'default': None}
2025-03-26 18:58:31,769 - WARNING - Unknown type varchar(10) - defaulting to TEXT
2025-03-26 18:58:31,769 - INFO - Table creation SQL:
CREATE TABLE public."INTUPDTD" (
    "counter" VARCHAR(5) NULL,
    "shift" VARCHAR(5) NULL,
    "type" VARCHAR(2) NULL,
    "uniqid" VARCHAR(8) NULL,
    "date" TIMESTAMP NULL,
    "code" VARCHAR(18) NULL,
    "slcode" VARCHAR(18) NULL,
    "anacode" VARCHAR(18) NULL,
    "sign" VARCHAR(1) NULL,
    "amount" TEXT NULL,
    "rno" VARCHAR(25) NULL,
    "bnktag" VARCHAR(25) NULL,
    "Vno" VARCHAR(25) NULL,
    "CodeId" TEXT NULL,
    "SlCodeId" TEXT NULL,
    "AnaCodeId" TEXT NULL,
    "rnoId" TEXT NULL,
    "Userid" TEXT NULL,
    "Tdate" TIMESTAMP NULL,
    "nIntupdId" INTEGER PRIMARY KEY,
    "nBranchID" INTEGER NULL,
    "vBranchCode" TEXT NULL
);
2025-03-26 18:58:31,770 - INFO - Dropping existing table INTUPDTD
2025-03-26 18:58:31,771 - INFO - Creating table INTUPDTD
2025-03-26 18:58:32,216 - INFO - Starting data migration for table INTUPDTD
2025-03-26 18:58:32,929 - INFO - Progress: 10.5% (5,000/47,530 rows) | Table 1/1 | Elapsed: 2 seconds | Remaining: 19 seconds
2025-03-26 18:58:33,566 - INFO - Progress: 21.0% (10,000/47,530 rows) | Table 1/1 | Elapsed: 3 seconds | Remaining: 11 seconds
2025-03-26 18:58:34,155 - INFO - Progress: 31.6% (15,000/47,530 rows) | Table 1/1 | Elapsed: 3 seconds | Remaining: 8 seconds
2025-03-26 18:58:35,060 - INFO - Progress: 42.1% (20,000/47,530 rows) | Table 1/1 | Elapsed: 4 seconds | Remaining: 6 seconds
2025-03-26 18:58:35,646 - INFO - Progress: 52.6% (25,000/47,530 rows) | Table 1/1 | Elapsed: 5 seconds | Remaining: 4 seconds
2025-03-26 18:58:36,228 - INFO - Progress: 63.1% (30,000/47,530 rows) | Table 1/1 | Elapsed: 6 seconds | Remaining: 3 seconds
2025-03-26 18:58:36,792 - INFO - Progress: 73.6% (35,000/47,530 rows) | Table 1/1 | Elapsed: 6 seconds | Remaining: 2 seconds
2025-03-26 18:58:37,382 - INFO - Progress: 84.2% (40,000/47,530 rows) | Table 1/1 | Elapsed: 7 seconds | Remaining: 1 seconds
2025-03-26 18:58:38,006 - INFO - Progress: 94.7% (45,000/47,530 rows) | Table 1/1 | Elapsed: 7 seconds | Remaining: 0 seconds
2025-03-26 18:58:38,406 - INFO - Setting up sequences for 1 identity columns
2025-03-26 18:58:38,409 - INFO - Created sequence public.INTUPDTD_nIntupdId_seq starting from 59497
2025-03-26 18:58:38,409 - INFO - Completed migration of table INTUPDTD (47,530 rows in 8 seconds, 6143.5 rows/second)
2025-03-26 18:58:38,409 - INFO - 
Migration completed successfully!
Total tables: 1
Total rows: 47,530
Total time: 9 seconds
Average speed: 5549.6 rows/second
